<?xml version="1.0" encoding="UTF-8"?>
<testsuite name="schedule.ScheduleResourceCmdsTest" tests="11" skipped="0" failures="0" errors="0" timestamp="2022-08-08T21:23:50" hostname="Omers-MacBook-Pro.local" time="0.12">
  <properties/>
  <testcase name="testInsertValidWithoutCollisionAndGetAllCollisions_thenShouldReturn" classname="schedule.ScheduleResourceCmdsTest" time="0.079"/>
  <testcase name="testInsertValidWithCollisionAndCheckAvailabilityWhenAvailable_thenShouldReturnFree" classname="schedule.ScheduleResourceCmdsTest" time="0.007"/>
  <testcase name="testInsertValidInputIntoScheduleWithCollisions_thenValidNoCollisionsSchedule" classname="schedule.ScheduleResourceCmdsTest" time="0.0"/>
  <testcase name="testInsertValidInputIntoScheduleWithCollisions_thenAllResourcesAreInserted" classname="schedule.ScheduleResourceCmdsTest" time="0.009"/>
  <testcase name="testInsertValidWithCollisionAndFindFirstCollision_thenShouldReturnCollision" classname="schedule.ScheduleResourceCmdsTest" time="0.006"/>
  <testcase name="testInsertValidWithCollisionAndGetAllCollisions_thenShouldReturnAllCollisions" classname="schedule.ScheduleResourceCmdsTest" time="0.003"/>
  <testcase name="testInsertValidWithoutCollisionAndWithIllegalTimeAndFindFirstCollision_thenShouldReturnNoCollision" classname="schedule.ScheduleResourceCmdsTest" time="0.001"/>
  <testcase name="testInsertValidInputIntoScheduleWithCollisions_thenGroupA4ResourceGroupsGroupB3ResourceGroups" classname="schedule.ScheduleResourceCmdsTest" time="0.005"/>
  <testcase name="testInsertInvalidInputIntoScheduleWithCollisions_thenResponseSizeIs0" classname="schedule.ScheduleResourceCmdsTest" time="0.001"/>
  <testcase name="testInsertValidWithoutCollisionAndFindFirstCollision_thenShouldReturnNoCollision" classname="schedule.ScheduleResourceCmdsTest" time="0.001"/>
  <testcase name="testInsertValidWithCollisionAndCheckAvailabilityWhenUnavailable_thenShouldReturnLocked" classname="schedule.ScheduleResourceCmdsTest" time="0.006"/>
  <system-out><![CDATA[00:23:50.138 [Test worker] INFO  api.resources.ScheduleResource - Start handling resource scheduling
00:23:50.155 [Test worker] INFO  bl.cmds.ScheduleResourcesCmd - Start adding resources to scheduled resources store.
00:23:50.155 [Test worker] INFO  bl.cmds.ScheduleResourcesCmd - Adding resources to in-memory store
00:23:50.159 [Test worker] INFO  bl.cmds.ScheduleResourcesCmd - Finished adding resources to in-memory store
00:23:50.159 [Test worker] INFO  bl.cmds.ScheduleResourcesCmd - Finished adding resources to scheduled resources store.
00:23:50.162 [Test worker] INFO  api.resources.ScheduleResource - Start handling resource scheduling
00:23:50.163 [Test worker] INFO  bl.cmds.ScheduleResourcesCmd - Start adding resources to scheduled resources store.
00:23:50.163 [Test worker] INFO  bl.cmds.ScheduleResourcesCmd - Adding resources to in-memory store
00:23:50.165 [Test worker] INFO  bl.cmds.ScheduleResourcesCmd - Finished adding resources to in-memory store
00:23:50.165 [Test worker] INFO  bl.cmds.ScheduleResourcesCmd - Finished adding resources to scheduled resources store.
00:23:50.166 [Test worker] INFO  api.resources.ScheduleResource - Getting first collision on type a
00:23:50.169 [Test worker] INFO  api.resources.ScheduleResource - Start handling resource scheduling
00:23:50.169 [Test worker] INFO  api.resources.ScheduleResource - Failed to handle resources scheduling
00:23:50.169 [Test worker] INFO  api.resources.ScheduleResource - Start getting all scheduled resources
00:23:50.169 [Test worker] INFO  api.resources.ScheduleResource - Finished getting all scheduled resources
00:23:50.170 [Test worker] INFO  api.resources.ScheduleResource - Start handling resource scheduling
00:23:50.170 [Test worker] INFO  bl.cmds.ScheduleResourcesCmd - Start adding resources to scheduled resources store.
00:23:50.171 [Test worker] INFO  bl.cmds.ScheduleResourcesCmd - Adding resources to in-memory store
00:23:50.172 [Test worker] INFO  bl.cmds.ScheduleResourcesCmd - Finished adding resources to in-memory store
00:23:50.176 [Test worker] INFO  bl.cmds.ScheduleResourcesCmd - Finished adding resources to scheduled resources store.
00:23:50.176 [Test worker] INFO  api.resources.ScheduleResource - Start getting all scheduled resources
00:23:50.179 [Test worker] INFO  api.resources.ScheduleResource - Finished getting all scheduled resources
00:23:50.179 [Test worker] INFO  api.resources.ScheduleResource - Start handling resource scheduling
00:23:50.180 [Test worker] INFO  bl.cmds.ScheduleResourcesCmd - Start adding resources to scheduled resources store.
00:23:50.180 [Test worker] INFO  bl.cmds.ScheduleResourcesCmd - Adding resources to in-memory store
00:23:50.181 [Test worker] INFO  bl.cmds.ScheduleResourcesCmd - Finished adding resources to in-memory store
00:23:50.181 [Test worker] INFO  bl.cmds.ScheduleResourcesCmd - Finished adding resources to scheduled resources store.
00:23:50.182 [Test worker] INFO  api.resources.ScheduleResource - Getting first collision on type a
00:23:50.185 [Test worker] INFO  api.resources.ScheduleResource - Start handling resource scheduling
00:23:50.186 [Test worker] INFO  bl.cmds.ScheduleResourcesCmd - Start adding resources to scheduled resources store.
00:23:50.186 [Test worker] INFO  bl.cmds.ScheduleResourcesCmd - Adding resources to in-memory store
00:23:50.187 [Test worker] INFO  bl.cmds.ScheduleResourcesCmd - Finished adding resources to in-memory store
00:23:50.187 [Test worker] INFO  bl.cmds.ScheduleResourcesCmd - Finished adding resources to scheduled resources store.
00:23:50.189 [Test worker] INFO  api.resources.ScheduleResource - Start handling resource scheduling
00:23:50.189 [Test worker] INFO  api.resources.ScheduleResource - Failed to handle resources scheduling
00:23:50.189 [Test worker] INFO  api.resources.ScheduleResource - Getting first collision on type a
00:23:50.189 [Test worker] INFO  bl.cmds.ScheduleResourcesCmd - No schedules for type a
00:23:50.189 [Test worker] INFO  api.resources.ScheduleResource - Getting first collision on type b
00:23:50.189 [Test worker] INFO  bl.cmds.ScheduleResourcesCmd - No schedules for type b
00:23:50.190 [Test worker] INFO  api.resources.ScheduleResource - Start handling resource scheduling
00:23:50.190 [Test worker] INFO  bl.cmds.ScheduleResourcesCmd - Start adding resources to scheduled resources store.
00:23:50.190 [Test worker] INFO  bl.cmds.ScheduleResourcesCmd - Adding resources to in-memory store
00:23:50.193 [Test worker] INFO  bl.cmds.ScheduleResourcesCmd - Finished adding resources to in-memory store
00:23:50.193 [Test worker] INFO  bl.cmds.ScheduleResourcesCmd - Finished adding resources to scheduled resources store.
00:23:50.194 [Test worker] INFO  api.resources.ScheduleResource - Start handling resource scheduling
00:23:50.194 [Test worker] INFO  api.resources.ScheduleResource - Failed to handle resources scheduling
00:23:50.195 [Test worker] INFO  api.resources.ScheduleResource - Start getting all scheduled resources
00:23:50.195 [Test worker] INFO  api.resources.ScheduleResource - Finished getting all scheduled resources
00:23:50.196 [Test worker] INFO  api.resources.ScheduleResource - Start handling resource scheduling
00:23:50.196 [Test worker] INFO  bl.cmds.ScheduleResourcesCmd - Start adding resources to scheduled resources store.
00:23:50.196 [Test worker] INFO  bl.cmds.ScheduleResourcesCmd - Adding resources to in-memory store
00:23:50.197 [Test worker] INFO  bl.cmds.ScheduleResourcesCmd - Finished adding resources to in-memory store
00:23:50.197 [Test worker] INFO  bl.cmds.ScheduleResourcesCmd - Finished adding resources to scheduled resources store.
00:23:50.197 [Test worker] INFO  api.resources.ScheduleResource - Getting first collision on type a
00:23:50.197 [Test worker] ERROR bl.cmds.ScheduleResourcesCmd - Type a but compatible resources groups are empty. Should bu investigated.
00:23:50.197 [Test worker] INFO  api.resources.ScheduleResource - Start handling resource scheduling
00:23:50.201 [Test worker] INFO  bl.cmds.ScheduleResourcesCmd - Start adding resources to scheduled resources store.
00:23:50.201 [Test worker] INFO  bl.cmds.ScheduleResourcesCmd - Adding resources to in-memory store
00:23:50.202 [Test worker] INFO  bl.cmds.ScheduleResourcesCmd - Finished adding resources to in-memory store
00:23:50.203 [Test worker] INFO  bl.cmds.ScheduleResourcesCmd - Finished adding resources to scheduled resources store.
00:23:50.203 [Test worker] INFO  api.resources.ScheduleResource - Getting first collision on type a
]]></system-out>
  <system-err><![CDATA[]]></system-err>
</testsuite>
